<?xml version="1.0" encoding="UTF-8"?>
<testsuite xmlns:xsi="http://www.w3.org/2001/XMLSchema-instance" xsi:noNamespaceSchemaLocation="https://maven.apache.org/surefire/maven-surefire-plugin/xsd/surefire-test-report-3.0.xsd" version="3.0" name="dev.com.sigea.dominio.gestaoacademica.RunCucumberTest" time="0.28" tests="10" errors="0" skipped="0" failures="0">
  <properties>
    <property name="java.specification.version" value="21"/>
    <property name="sun.cpu.isalist" value="amd64"/>
    <property name="sun.jnu.encoding" value="Cp1252"/>
    <property name="java.class.path" value="C:\Users\felip\Desktop\trabalhoRequisitos\Plataforma-de-Ensino-On-line\sigea\dominio-gestao-academica\target\test-classes;C:\Users\felip\Desktop\trabalhoRequisitos\Plataforma-de-Ensino-On-line\sigea\dominio-gestao-academica\target\classes;C:\Users\felip\Desktop\trabalhoRequisitos\Plataforma-de-Ensino-On-line\sigea\dominio-identidade-acesso\target\dominio-identidade-acesso-1.0.0-SNAPSHOT.jar;C:\Users\felip\.m2\repository\io\cucumber\cucumber-java\7.18.0\cucumber-java-7.18.0.jar;C:\Users\felip\.m2\repository\io\cucumber\cucumber-core\7.18.0\cucumber-core-7.18.0.jar;C:\Users\felip\.m2\repository\io\cucumber\cucumber-gherkin\7.18.0\cucumber-gherkin-7.18.0.jar;C:\Users\felip\.m2\repository\io\cucumber\cucumber-gherkin-messages\7.18.0\cucumber-gherkin-messages-7.18.0.jar;C:\Users\felip\.m2\repository\io\cucumber\gherkin\28.0.0\gherkin-28.0.0.jar;C:\Users\felip\.m2\repository\io\cucumber\messages\24.1.0\messages-24.1.0.jar;C:\Users\felip\.m2\repository\io\cucumber\testng-xml-formatter\0.1.0\testng-xml-formatter-0.1.0.jar;C:\Users\felip\.m2\repository\io\cucumber\query\12.2.0\query-12.2.0.jar;C:\Users\felip\.m2\repository\io\cucumber\tag-expressions\6.1.0\tag-expressions-6.1.0.jar;C:\Users\felip\.m2\repository\io\cucumber\cucumber-expressions\17.1.0\cucumber-expressions-17.1.0.jar;C:\Users\felip\.m2\repository\io\cucumber\datatable\7.18.0\datatable-7.18.0.jar;C:\Users\felip\.m2\repository\io\cucumber\cucumber-plugin\7.18.0\cucumber-plugin-7.18.0.jar;C:\Users\felip\.m2\repository\io\cucumber\docstring\7.18.0\docstring-7.18.0.jar;C:\Users\felip\.m2\repository\io\cucumber\html-formatter\21.3.1\html-formatter-21.3.1.jar;C:\Users\felip\.m2\repository\io\cucumber\junit-xml-formatter\0.4.0\junit-xml-formatter-0.4.0.jar;C:\Users\felip\.m2\repository\io\cucumber\ci-environment\10.0.1\ci-environment-10.0.1.jar;C:\Users\felip\.m2\repository\org\apiguardian\apiguardian-api\1.1.2\apiguardian-api-1.1.2.jar;C:\Users\felip\.m2\repository\io\cucumber\cucumber-junit-platform-engine\7.18.0\cucumber-junit-platform-engine-7.18.0.jar;C:\Users\felip\.m2\repository\org\junit\platform\junit-platform-engine\1.10.5\junit-platform-engine-1.10.5.jar;C:\Users\felip\.m2\repository\org\junit\platform\junit-platform-suite\1.10.3\junit-platform-suite-1.10.3.jar;C:\Users\felip\.m2\repository\org\junit\platform\junit-platform-suite-api\1.10.5\junit-platform-suite-api-1.10.5.jar;C:\Users\felip\.m2\repository\org\junit\platform\junit-platform-suite-engine\1.10.5\junit-platform-suite-engine-1.10.5.jar;C:\Users\felip\.m2\repository\org\junit\platform\junit-platform-suite-commons\1.10.5\junit-platform-suite-commons-1.10.5.jar;C:\Users\felip\.m2\repository\org\junit\platform\junit-platform-launcher\1.10.5\junit-platform-launcher-1.10.5.jar;C:\Users\felip\.m2\repository\org\junit\jupiter\junit-jupiter-api\5.10.3\junit-jupiter-api-5.10.3.jar;C:\Users\felip\.m2\repository\org\opentest4j\opentest4j\1.3.0\opentest4j-1.3.0.jar;C:\Users\felip\.m2\repository\org\junit\platform\junit-platform-commons\1.10.5\junit-platform-commons-1.10.5.jar;C:\Users\felip\.m2\repository\org\projectlombok\lombok\1.18.34\lombok-1.18.34.jar;"/>
    <property name="java.vm.vendor" value="Azul Systems, Inc."/>
    <property name="sun.arch.data.model" value="64"/>
    <property name="user.variant" value=""/>
    <property name="java.vendor.url" value="http://www.azul.com/"/>
    <property name="user.timezone" value="America/Sao_Paulo"/>
    <property name="os.name" value="Windows 11"/>
    <property name="java.vm.specification.version" value="21"/>
    <property name="sun.java.launcher" value="SUN_STANDARD"/>
    <property name="user.country" value="BR"/>
    <property name="sun.boot.library.path" value="C:\Program Files\Java\zulu21.38.21-ca-jdk21.0.5-win_x64\bin"/>
    <property name="sun.java.command" value="C:\Users\felip\AppData\Local\Temp\surefire12387328365702036605\surefirebooter-20251022000757259_6.jar C:\Users\felip\AppData\Local\Temp\surefire12387328365702036605 2025-10-22T00-07-53_760-jvmRun1 surefire-20251022000757259_4tmp surefire_1-20251022000757259_5tmp"/>
    <property name="jdk.debug" value="release"/>
    <property name="surefire.test.class.path" value="C:\Users\felip\Desktop\trabalhoRequisitos\Plataforma-de-Ensino-On-line\sigea\dominio-gestao-academica\target\test-classes;C:\Users\felip\Desktop\trabalhoRequisitos\Plataforma-de-Ensino-On-line\sigea\dominio-gestao-academica\target\classes;C:\Users\felip\Desktop\trabalhoRequisitos\Plataforma-de-Ensino-On-line\sigea\dominio-identidade-acesso\target\dominio-identidade-acesso-1.0.0-SNAPSHOT.jar;C:\Users\felip\.m2\repository\io\cucumber\cucumber-java\7.18.0\cucumber-java-7.18.0.jar;C:\Users\felip\.m2\repository\io\cucumber\cucumber-core\7.18.0\cucumber-core-7.18.0.jar;C:\Users\felip\.m2\repository\io\cucumber\cucumber-gherkin\7.18.0\cucumber-gherkin-7.18.0.jar;C:\Users\felip\.m2\repository\io\cucumber\cucumber-gherkin-messages\7.18.0\cucumber-gherkin-messages-7.18.0.jar;C:\Users\felip\.m2\repository\io\cucumber\gherkin\28.0.0\gherkin-28.0.0.jar;C:\Users\felip\.m2\repository\io\cucumber\messages\24.1.0\messages-24.1.0.jar;C:\Users\felip\.m2\repository\io\cucumber\testng-xml-formatter\0.1.0\testng-xml-formatter-0.1.0.jar;C:\Users\felip\.m2\repository\io\cucumber\query\12.2.0\query-12.2.0.jar;C:\Users\felip\.m2\repository\io\cucumber\tag-expressions\6.1.0\tag-expressions-6.1.0.jar;C:\Users\felip\.m2\repository\io\cucumber\cucumber-expressions\17.1.0\cucumber-expressions-17.1.0.jar;C:\Users\felip\.m2\repository\io\cucumber\datatable\7.18.0\datatable-7.18.0.jar;C:\Users\felip\.m2\repository\io\cucumber\cucumber-plugin\7.18.0\cucumber-plugin-7.18.0.jar;C:\Users\felip\.m2\repository\io\cucumber\docstring\7.18.0\docstring-7.18.0.jar;C:\Users\felip\.m2\repository\io\cucumber\html-formatter\21.3.1\html-formatter-21.3.1.jar;C:\Users\felip\.m2\repository\io\cucumber\junit-xml-formatter\0.4.0\junit-xml-formatter-0.4.0.jar;C:\Users\felip\.m2\repository\io\cucumber\ci-environment\10.0.1\ci-environment-10.0.1.jar;C:\Users\felip\.m2\repository\org\apiguardian\apiguardian-api\1.1.2\apiguardian-api-1.1.2.jar;C:\Users\felip\.m2\repository\io\cucumber\cucumber-junit-platform-engine\7.18.0\cucumber-junit-platform-engine-7.18.0.jar;C:\Users\felip\.m2\repository\org\junit\platform\junit-platform-engine\1.10.5\junit-platform-engine-1.10.5.jar;C:\Users\felip\.m2\repository\org\junit\platform\junit-platform-suite\1.10.3\junit-platform-suite-1.10.3.jar;C:\Users\felip\.m2\repository\org\junit\platform\junit-platform-suite-api\1.10.5\junit-platform-suite-api-1.10.5.jar;C:\Users\felip\.m2\repository\org\junit\platform\junit-platform-suite-engine\1.10.5\junit-platform-suite-engine-1.10.5.jar;C:\Users\felip\.m2\repository\org\junit\platform\junit-platform-suite-commons\1.10.5\junit-platform-suite-commons-1.10.5.jar;C:\Users\felip\.m2\repository\org\junit\platform\junit-platform-launcher\1.10.5\junit-platform-launcher-1.10.5.jar;C:\Users\felip\.m2\repository\org\junit\jupiter\junit-jupiter-api\5.10.3\junit-jupiter-api-5.10.3.jar;C:\Users\felip\.m2\repository\org\opentest4j\opentest4j\1.3.0\opentest4j-1.3.0.jar;C:\Users\felip\.m2\repository\org\junit\platform\junit-platform-commons\1.10.5\junit-platform-commons-1.10.5.jar;C:\Users\felip\.m2\repository\org\projectlombok\lombok\1.18.34\lombok-1.18.34.jar;"/>
    <property name="sun.cpu.endian" value="little"/>
    <property name="user.home" value="C:\Users\felip"/>
    <property name="user.language" value="pt"/>
    <property name="java.specification.vendor" value="Oracle Corporation"/>
    <property name="java.version.date" value="2024-10-15"/>
    <property name="java.home" value="C:\Program Files\Java\zulu21.38.21-ca-jdk21.0.5-win_x64"/>
    <property name="file.separator" value="\"/>
    <property name="basedir" value="C:\Users\felip\Desktop\trabalhoRequisitos\Plataforma-de-Ensino-On-line\sigea\dominio-gestao-academica"/>
    <property name="java.vm.compressedOopsMode" value="Zero based"/>
    <property name="line.separator" value="&#10;"/>
    <property name="java.vm.specification.vendor" value="Oracle Corporation"/>
    <property name="java.specification.name" value="Java Platform API Specification"/>
    <property name="surefire.real.class.path" value="C:\Users\felip\AppData\Local\Temp\surefire12387328365702036605\surefirebooter-20251022000757259_6.jar"/>
    <property name="user.script" value=""/>
    <property name="sun.management.compiler" value="HotSpot 64-Bit Tiered Compilers"/>
    <property name="java.runtime.version" value="21.0.5+11-LTS"/>
    <property name="user.name" value="felip"/>
    <property name="stdout.encoding" value="Cp1252"/>
    <property name="path.separator" value=";"/>
    <property name="os.version" value="10.0"/>
    <property name="java.runtime.name" value="OpenJDK Runtime Environment"/>
    <property name="file.encoding" value="UTF-8"/>
    <property name="java.vm.name" value="OpenJDK 64-Bit Server VM"/>
    <property name="java.vendor.version" value="Zulu21.38+21-CA"/>
    <property name="localRepository" value="C:\Users\felip\.m2\repository"/>
    <property name="java.vendor.url.bug" value="http://www.azul.com/support/"/>
    <property name="java.io.tmpdir" value="C:\Users\felip\AppData\Local\Temp\"/>
    <property name="java.version" value="21.0.5"/>
    <property name="user.dir" value="C:\Users\felip\Desktop\trabalhoRequisitos\Plataforma-de-Ensino-On-line\sigea\dominio-gestao-academica"/>
    <property name="os.arch" value="amd64"/>
    <property name="java.vm.specification.name" value="Java Virtual Machine Specification"/>
    <property name="sun.os.patch.level" value=""/>
    <property name="native.encoding" value="Cp1252"/>
    <property name="java.library.path" value="C:\Program Files\Java\zulu21.38.21-ca-jdk21.0.5-win_x64\bin;C:\WINDOWS\Sun\Java\bin;C:\WINDOWS\system32;C:\WINDOWS;C:\Users\felip\bin;C:\Program Files\Git\mingw64\bin;C:\Program Files\Git\usr\local\bin;C:\Program Files\Git\usr\bin;C:\Program Files\Git\usr\bin;C:\Program Files\Git\mingw64\bin;C:\Program Files\Git\usr\bin;C:\Users\felip\bin;;."/>
    <property name="java.vm.info" value="mixed mode, sharing"/>
    <property name="stderr.encoding" value="Cp1252"/>
    <property name="java.vendor" value="Azul Systems, Inc."/>
    <property name="java.vm.version" value="21.0.5+11-LTS"/>
    <property name="sun.io.unicode.encoding" value="UnicodeLittle"/>
    <property name="java.class.version" value="65.0"/>
  </properties>
  <testcase name="Admin cria um novo período letivo com sucesso" classname="Controlar Estrutura Acadêmica" time="0.09"/>
  <testcase name="Admin tenta criar período letivo com datas sobrepostas" classname="Controlar Estrutura Acadêmica" time="0.012"/>
  <testcase name="Admin cria uma nova disciplina com sucesso" classname="Controlar Estrutura Acadêmica" time="0.006"/>
  <testcase name="Admin tenta criar disciplina com nome duplicado" classname="Controlar Estrutura Acadêmica" time="0.005"/>
  <testcase name="Aluno matriculado cria um novo tópico com sucesso" classname="Gerenciar Fóruns de Discussão" time="0.009"/>
  <testcase name="Aluno não matriculado tenta acessar fórum de disciplina" classname="Gerenciar Fóruns de Discussão" time="0.005"/>
  <testcase name="Professor lança uma nota válida para um aluno matriculado" classname="Gestão de Desempenho Acadêmico" time="0.008"/>
  <testcase name="Professor tenta lançar uma nota inválida" classname="Gestão de Desempenho Acadêmico" time="0.006"/>
  <testcase name="Aluno se matricula em sala com vaga disponível" classname="Realizar Matrícula" time="0.012"/>
  <testcase name="Aluno tenta se matricular em sala lotada" classname="Realizar Matrícula" time="0.004"/>
</testsuite>