<?xml version="1.0" encoding="UTF-8"?>
<testsuite xmlns:xsi="http://www.w3.org/2001/XMLSchema-instance" xsi:noNamespaceSchemaLocation="https://maven.apache.org/surefire/maven-surefire-plugin/xsd/surefire-test-report-3.0.xsd" version="3.0" name="dev.com.sigea.dominio.identidadeacesso.usuario.RunCucumberTest" time="0.176" tests="2" errors="0" skipped="0" failures="0">
  <properties>
    <property name="java.specification.version" value="21"/>
    <property name="sun.cpu.isalist" value="amd64"/>
    <property name="sun.jnu.encoding" value="Cp1252"/>
    <property name="java.class.path" value="C:\Users\felip\Desktop\trabalhoRequisitos\Plataforma-de-Ensino-On-line\sigea\dominio-identidade-acesso\target\test-classes;C:\Users\felip\Desktop\trabalhoRequisitos\Plataforma-de-Ensino-On-line\sigea\dominio-identidade-acesso\target\classes;C:\Users\felip\.m2\repository\io\cucumber\cucumber-java\7.18.0\cucumber-java-7.18.0.jar;C:\Users\felip\.m2\repository\io\cucumber\cucumber-core\7.18.0\cucumber-core-7.18.0.jar;C:\Users\felip\.m2\repository\io\cucumber\cucumber-gherkin\7.18.0\cucumber-gherkin-7.18.0.jar;C:\Users\felip\.m2\repository\io\cucumber\cucumber-gherkin-messages\7.18.0\cucumber-gherkin-messages-7.18.0.jar;C:\Users\felip\.m2\repository\io\cucumber\gherkin\28.0.0\gherkin-28.0.0.jar;C:\Users\felip\.m2\repository\io\cucumber\messages\24.1.0\messages-24.1.0.jar;C:\Users\felip\.m2\repository\io\cucumber\testng-xml-formatter\0.1.0\testng-xml-formatter-0.1.0.jar;C:\Users\felip\.m2\repository\io\cucumber\query\12.2.0\query-12.2.0.jar;C:\Users\felip\.m2\repository\io\cucumber\tag-expressions\6.1.0\tag-expressions-6.1.0.jar;C:\Users\felip\.m2\repository\io\cucumber\cucumber-expressions\17.1.0\cucumber-expressions-17.1.0.jar;C:\Users\felip\.m2\repository\io\cucumber\datatable\7.18.0\datatable-7.18.0.jar;C:\Users\felip\.m2\repository\io\cucumber\cucumber-plugin\7.18.0\cucumber-plugin-7.18.0.jar;C:\Users\felip\.m2\repository\io\cucumber\docstring\7.18.0\docstring-7.18.0.jar;C:\Users\felip\.m2\repository\io\cucumber\html-formatter\21.3.1\html-formatter-21.3.1.jar;C:\Users\felip\.m2\repository\io\cucumber\junit-xml-formatter\0.4.0\junit-xml-formatter-0.4.0.jar;C:\Users\felip\.m2\repository\io\cucumber\ci-environment\10.0.1\ci-environment-10.0.1.jar;C:\Users\felip\.m2\repository\org\apiguardian\apiguardian-api\1.1.2\apiguardian-api-1.1.2.jar;C:\Users\felip\.m2\repository\io\cucumber\cucumber-junit-platform-engine\7.18.0\cucumber-junit-platform-engine-7.18.0.jar;C:\Users\felip\.m2\repository\org\junit\platform\junit-platform-engine\1.10.5\junit-platform-engine-1.10.5.jar;C:\Users\felip\.m2\repository\org\junit\platform\junit-platform-suite\1.10.3\junit-platform-suite-1.10.3.jar;C:\Users\felip\.m2\repository\org\junit\platform\junit-platform-suite-api\1.10.5\junit-platform-suite-api-1.10.5.jar;C:\Users\felip\.m2\repository\org\junit\platform\junit-platform-suite-engine\1.10.5\junit-platform-suite-engine-1.10.5.jar;C:\Users\felip\.m2\repository\org\junit\platform\junit-platform-suite-commons\1.10.5\junit-platform-suite-commons-1.10.5.jar;C:\Users\felip\.m2\repository\org\junit\platform\junit-platform-launcher\1.10.5\junit-platform-launcher-1.10.5.jar;C:\Users\felip\.m2\repository\org\junit\jupiter\junit-jupiter-api\5.10.3\junit-jupiter-api-5.10.3.jar;C:\Users\felip\.m2\repository\org\opentest4j\opentest4j\1.3.0\opentest4j-1.3.0.jar;C:\Users\felip\.m2\repository\org\junit\platform\junit-platform-commons\1.10.5\junit-platform-commons-1.10.5.jar;C:\Users\felip\.m2\repository\org\projectlombok\lombok\1.18.34\lombok-1.18.34.jar;"/>
    <property name="java.vm.vendor" value="Azul Systems, Inc."/>
    <property name="sun.arch.data.model" value="64"/>
    <property name="user.variant" value=""/>
    <property name="java.vendor.url" value="http://www.azul.com/"/>
    <property name="user.timezone" value="America/Sao_Paulo"/>
    <property name="os.name" value="Windows 11"/>
    <property name="java.vm.specification.version" value="21"/>
    <property name="sun.java.launcher" value="SUN_STANDARD"/>
    <property name="user.country" value="BR"/>
    <property name="sun.boot.library.path" value="C:\Program Files\Java\zulu21.38.21-ca-jdk21.0.5-win_x64\bin"/>
    <property name="sun.java.command" value="C:\Users\felip\AppData\Local\Temp\surefire7970920765030706767\surefirebooter-20251019212549558_3.jar C:\Users\felip\AppData\Local\Temp\surefire7970920765030706767 2025-10-19T21-25-47_040-jvmRun1 surefire-20251019212549558_1tmp surefire_0-20251019212549558_2tmp"/>
    <property name="jdk.debug" value="release"/>
    <property name="surefire.test.class.path" value="C:\Users\felip\Desktop\trabalhoRequisitos\Plataforma-de-Ensino-On-line\sigea\dominio-identidade-acesso\target\test-classes;C:\Users\felip\Desktop\trabalhoRequisitos\Plataforma-de-Ensino-On-line\sigea\dominio-identidade-acesso\target\classes;C:\Users\felip\.m2\repository\io\cucumber\cucumber-java\7.18.0\cucumber-java-7.18.0.jar;C:\Users\felip\.m2\repository\io\cucumber\cucumber-core\7.18.0\cucumber-core-7.18.0.jar;C:\Users\felip\.m2\repository\io\cucumber\cucumber-gherkin\7.18.0\cucumber-gherkin-7.18.0.jar;C:\Users\felip\.m2\repository\io\cucumber\cucumber-gherkin-messages\7.18.0\cucumber-gherkin-messages-7.18.0.jar;C:\Users\felip\.m2\repository\io\cucumber\gherkin\28.0.0\gherkin-28.0.0.jar;C:\Users\felip\.m2\repository\io\cucumber\messages\24.1.0\messages-24.1.0.jar;C:\Users\felip\.m2\repository\io\cucumber\testng-xml-formatter\0.1.0\testng-xml-formatter-0.1.0.jar;C:\Users\felip\.m2\repository\io\cucumber\query\12.2.0\query-12.2.0.jar;C:\Users\felip\.m2\repository\io\cucumber\tag-expressions\6.1.0\tag-expressions-6.1.0.jar;C:\Users\felip\.m2\repository\io\cucumber\cucumber-expressions\17.1.0\cucumber-expressions-17.1.0.jar;C:\Users\felip\.m2\repository\io\cucumber\datatable\7.18.0\datatable-7.18.0.jar;C:\Users\felip\.m2\repository\io\cucumber\cucumber-plugin\7.18.0\cucumber-plugin-7.18.0.jar;C:\Users\felip\.m2\repository\io\cucumber\docstring\7.18.0\docstring-7.18.0.jar;C:\Users\felip\.m2\repository\io\cucumber\html-formatter\21.3.1\html-formatter-21.3.1.jar;C:\Users\felip\.m2\repository\io\cucumber\junit-xml-formatter\0.4.0\junit-xml-formatter-0.4.0.jar;C:\Users\felip\.m2\repository\io\cucumber\ci-environment\10.0.1\ci-environment-10.0.1.jar;C:\Users\felip\.m2\repository\org\apiguardian\apiguardian-api\1.1.2\apiguardian-api-1.1.2.jar;C:\Users\felip\.m2\repository\io\cucumber\cucumber-junit-platform-engine\7.18.0\cucumber-junit-platform-engine-7.18.0.jar;C:\Users\felip\.m2\repository\org\junit\platform\junit-platform-engine\1.10.5\junit-platform-engine-1.10.5.jar;C:\Users\felip\.m2\repository\org\junit\platform\junit-platform-suite\1.10.3\junit-platform-suite-1.10.3.jar;C:\Users\felip\.m2\repository\org\junit\platform\junit-platform-suite-api\1.10.5\junit-platform-suite-api-1.10.5.jar;C:\Users\felip\.m2\repository\org\junit\platform\junit-platform-suite-engine\1.10.5\junit-platform-suite-engine-1.10.5.jar;C:\Users\felip\.m2\repository\org\junit\platform\junit-platform-suite-commons\1.10.5\junit-platform-suite-commons-1.10.5.jar;C:\Users\felip\.m2\repository\org\junit\platform\junit-platform-launcher\1.10.5\junit-platform-launcher-1.10.5.jar;C:\Users\felip\.m2\repository\org\junit\jupiter\junit-jupiter-api\5.10.3\junit-jupiter-api-5.10.3.jar;C:\Users\felip\.m2\repository\org\opentest4j\opentest4j\1.3.0\opentest4j-1.3.0.jar;C:\Users\felip\.m2\repository\org\junit\platform\junit-platform-commons\1.10.5\junit-platform-commons-1.10.5.jar;C:\Users\felip\.m2\repository\org\projectlombok\lombok\1.18.34\lombok-1.18.34.jar;"/>
    <property name="sun.cpu.endian" value="little"/>
    <property name="user.home" value="C:\Users\felip"/>
    <property name="user.language" value="pt"/>
    <property name="java.specification.vendor" value="Oracle Corporation"/>
    <property name="java.version.date" value="2024-10-15"/>
    <property name="java.home" value="C:\Program Files\Java\zulu21.38.21-ca-jdk21.0.5-win_x64"/>
    <property name="file.separator" value="\"/>
    <property name="basedir" value="C:\Users\felip\Desktop\trabalhoRequisitos\Plataforma-de-Ensino-On-line\sigea\dominio-identidade-acesso"/>
    <property name="java.vm.compressedOopsMode" value="Zero based"/>
    <property name="line.separator" value="&#10;"/>
    <property name="java.vm.specification.vendor" value="Oracle Corporation"/>
    <property name="java.specification.name" value="Java Platform API Specification"/>
    <property name="surefire.real.class.path" value="C:\Users\felip\AppData\Local\Temp\surefire7970920765030706767\surefirebooter-20251019212549558_3.jar"/>
    <property name="user.script" value=""/>
    <property name="sun.management.compiler" value="HotSpot 64-Bit Tiered Compilers"/>
    <property name="cucumber.plugin" value="pretty"/>
    <property name="java.runtime.version" value="21.0.5+11-LTS"/>
    <property name="user.name" value="felip"/>
    <property name="stdout.encoding" value="Cp1252"/>
    <property name="path.separator" value=";"/>
    <property name="os.version" value="10.0"/>
    <property name="java.runtime.name" value="OpenJDK Runtime Environment"/>
    <property name="file.encoding" value="UTF-8"/>
    <property name="java.vm.name" value="OpenJDK 64-Bit Server VM"/>
    <property name="java.vendor.version" value="Zulu21.38+21-CA"/>
    <property name="localRepository" value="C:\Users\felip\.m2\repository"/>
    <property name="java.vendor.url.bug" value="http://www.azul.com/support/"/>
    <property name="java.io.tmpdir" value="C:\Users\felip\AppData\Local\Temp\"/>
    <property name="java.version" value="21.0.5"/>
    <property name="user.dir" value="C:\Users\felip\Desktop\trabalhoRequisitos\Plataforma-de-Ensino-On-line\sigea\dominio-identidade-acesso"/>
    <property name="os.arch" value="amd64"/>
    <property name="java.vm.specification.name" value="Java Virtual Machine Specification"/>
    <property name="sun.os.patch.level" value=""/>
    <property name="native.encoding" value="Cp1252"/>
    <property name="java.library.path" value="C:\Program Files\Java\zulu21.38.21-ca-jdk21.0.5-win_x64\bin;C:\WINDOWS\Sun\Java\bin;C:\WINDOWS\system32;C:\WINDOWS;C:\Users\felip\bin;C:\Program Files\Git\mingw64\bin;C:\Program Files\Git\usr\local\bin;C:\Program Files\Git\usr\bin;C:\Program Files\Git\usr\bin;C:\Program Files\Git\mingw64\bin;C:\Program Files\Git\usr\bin;C:\Users\felip\bin;;."/>
    <property name="java.vm.info" value="mixed mode, sharing"/>
    <property name="stderr.encoding" value="Cp1252"/>
    <property name="java.vendor" value="Azul Systems, Inc."/>
    <property name="java.vm.version" value="21.0.5+11-LTS"/>
    <property name="sun.io.unicode.encoding" value="UnicodeLittle"/>
    <property name="java.class.version" value="65.0"/>
  </properties>
  <testcase name="Admin cadastra um novo professor com sucesso" classname="7 - Gerenciar Usuários" time="0.076">
    <system-out><![CDATA[
Cenário: Admin cadastra um novo professor com sucesso                                                                                 &amp#27;[90m# dev/com/sigea/dominio/identidadeacesso/usuario/gerenciar_usuarios.feature:10&amp#27;[0m
  &amp#27;[32mDado &amp#27;[0m&amp#27;[32mque eu sou um administrador logado no sistema&amp#27;[0m                                                                                  &amp#27;[90m# dev.com.sigea.dominio.identidadeacesso.usuario.GerenciarUsuariosFeature.que_eu_sou_um_administrador_logado_no_sistema()&amp#27;[0m
  &amp#27;[32mQuando &amp#27;[0m&amp#27;[32meu preencho o formulário de cadastro com o nome &amp#27;[0m&amp#27;[32m&amp#27;[1m"Carlos Santana"&amp#27;[0m&amp#27;[32m, o e-mail &amp#27;[0m&amp#27;[32m&amp#27;[1m"carlos.santana@email.com"&amp#27;[0m&amp#27;[32m e o perfil &amp#27;[0m&amp#27;[32m&amp#27;[1m"PROFESSOR"&amp#27;[0m &amp#27;[90m# dev.com.sigea.dominio.identidadeacesso.usuario.GerenciarUsuariosFeature.eu_preencho_o_formulario_de_cadastro_com_o_nome_o_email_e_o_perfil(java.lang.String,java.lang.String,java.lang.String)&amp#27;[0m
  &amp#27;[32mE &amp#27;[0m&amp#27;[32meu clico em &amp#27;[0m&amp#27;[32m&amp#27;[1m"Salvar"&amp#27;[0m                                                                                                              &amp#27;[90m# dev.com.sigea.dominio.identidadeacesso.usuario.GerenciarUsuariosFeature.eu_clico_em(java.lang.String)&amp#27;[0m
  &amp#27;[32mEntão &amp#27;[0m&amp#27;[32mum novo usuário com o perfil &amp#27;[0m&amp#27;[32m&amp#27;[1m"PROFESSOR"&amp#27;[0m&amp#27;[32m e status &amp#27;[0m&amp#27;[32m&amp#27;[1m"ATIVO"&amp#27;[0m&amp#27;[32m deve ser criado&amp#27;[0m                                                     &amp#27;[90m# dev.com.sigea.dominio.identidadeacesso.usuario.GerenciarUsuariosFeature.um_novo_usuario_com_o_perfil_e_status_deve_ser_criado(java.lang.String,java.lang.String)&amp#27;[0m
  &amp#27;[32mE &amp#27;[0m&amp#27;[32mo usuário &amp#27;[0m&amp#27;[32m&amp#27;[1m"carlos.santana@email.com"&amp#27;[0m&amp#27;[32m deve existir na lista de professores&amp#27;[0m                                                         &amp#27;[90m# dev.com.sigea.dominio.identidadeacesso.usuario.GerenciarUsuariosFeature.o_usuario_deve_existir_na_lista_de_professores(java.lang.String)&amp#27;[0m
]]></system-out>
  </testcase>
  <testcase name="Admin tenta cadastrar professor com e-mail já existente" classname="7 - Gerenciar Usuários" time="0.018">
    <system-out><![CDATA[
Cenário: Admin tenta cadastrar professor com e-mail já existente                                            &amp#27;[90m# dev/com/sigea/dominio/identidadeacesso/usuario/gerenciar_usuarios.feature:16&amp#27;[0m
  &amp#27;[32mDado &amp#27;[0m&amp#27;[32mque eu sou um administrador logado no sistema&amp#27;[0m                                                        &amp#27;[90m# dev.com.sigea.dominio.identidadeacesso.usuario.GerenciarUsuariosFeature.que_eu_sou_um_administrador_logado_no_sistema()&amp#27;[0m
  &amp#27;[32mDado &amp#27;[0m&amp#27;[32mque já existe um usuário com o e-mail &amp#27;[0m&amp#27;[32m&amp#27;[1m"professor.existente@email.com"&amp#27;[0m                                &amp#27;[90m# dev.com.sigea.dominio.identidadeacesso.usuario.GerenciarUsuariosFeature.que_ja_existe_um_usuario_com_o_email(java.lang.String)&amp#27;[0m
  &amp#27;[32mQuando &amp#27;[0m&amp#27;[32meu tento criar um novo professor com o nome &amp#27;[0m&amp#27;[32m&amp#27;[1m"Ana Maria"&amp#27;[0m&amp#27;[32m e o e-mail &amp#27;[0m&amp#27;[32m&amp#27;[1m"professor.existente@email.com"&amp#27;[0m &amp#27;[90m# dev.com.sigea.dominio.identidadeacesso.usuario.GerenciarUsuariosFeature.eu_tento_criar_um_novo_professor_com_o_nome_e_o_email(java.lang.String,java.lang.String)&amp#27;[0m
  &amp#27;[32mEntão &amp#27;[0m&amp#27;[32mo sistema deve me informar que &amp#27;[0m&amp#27;[32m&amp#27;[1m"Este e-mail já está em uso"&amp#27;[0m                                         &amp#27;[90m# dev.com.sigea.dominio.identidadeacesso.usuario.GerenciarUsuariosFeature.o_sistema_deve_me_informar_que(java.lang.String)&amp#27;[0m
  &amp#27;[32mE &amp#27;[0m&amp#27;[32mnenhum novo usuário deve ser criado com este e-mail&amp#27;[0m                                                     &amp#27;[90m# dev.com.sigea.dominio.identidadeacesso.usuario.GerenciarUsuariosFeature.nenhum_novo_usuario_deve_ser_criado_com_este_e_mail()&amp#27;[0m
]]></system-out>
  </testcase>
</testsuite>